16-Mar-2020 20:25:34.131 INFO [main] org.apache.catalina.startup.VersionLoggerListener.log Server version name:   Apache Tomcat/9.0.31
16-Mar-2020 20:25:34.146 INFO [main] org.apache.catalina.startup.VersionLoggerListener.log Server built:          Feb 5 2020 19:32:12 UTC
16-Mar-2020 20:25:34.146 INFO [main] org.apache.catalina.startup.VersionLoggerListener.log Server version number: 9.0.31.0
16-Mar-2020 20:25:34.146 INFO [main] org.apache.catalina.startup.VersionLoggerListener.log OS Name:               Linux
16-Mar-2020 20:25:34.146 INFO [main] org.apache.catalina.startup.VersionLoggerListener.log OS Version:            4.14.171-136.231.amzn2.x86_64
16-Mar-2020 20:25:34.146 INFO [main] org.apache.catalina.startup.VersionLoggerListener.log Architecture:          amd64
16-Mar-2020 20:25:34.146 INFO [main] org.apache.catalina.startup.VersionLoggerListener.log Java Home:             /usr/lib/jvm/java-1.8.0-openjdk-1.8.0.242.b08-0.amzn2.0.1.x86_64/jre
16-Mar-2020 20:25:34.146 INFO [main] org.apache.catalina.startup.VersionLoggerListener.log JVM Version:           1.8.0_242-b08
16-Mar-2020 20:25:34.147 INFO [main] org.apache.catalina.startup.VersionLoggerListener.log JVM Vendor:            Oracle Corporation
16-Mar-2020 20:25:34.147 INFO [main] org.apache.catalina.startup.VersionLoggerListener.log CATALINA_BASE:         /opt/apache-tomcat-9.0.31
16-Mar-2020 20:25:34.147 INFO [main] org.apache.catalina.startup.VersionLoggerListener.log CATALINA_HOME:         /opt/apache-tomcat-9.0.31
16-Mar-2020 20:25:34.160 INFO [main] org.apache.catalina.startup.VersionLoggerListener.log Command line argument: -Djava.util.logging.config.file=/opt/apache-tomcat-9.0.31/conf/logging.properties
16-Mar-2020 20:25:34.161 INFO [main] org.apache.catalina.startup.VersionLoggerListener.log Command line argument: -Djava.util.logging.manager=org.apache.juli.ClassLoaderLogManager
16-Mar-2020 20:25:34.161 INFO [main] org.apache.catalina.startup.VersionLoggerListener.log Command line argument: -Djdk.tls.ephemeralDHKeySize=2048
16-Mar-2020 20:25:34.161 INFO [main] org.apache.catalina.startup.VersionLoggerListener.log Command line argument: -Djava.protocol.handler.pkgs=org.apache.catalina.webresources
16-Mar-2020 20:25:34.161 INFO [main] org.apache.catalina.startup.VersionLoggerListener.log Command line argument: -Dorg.apache.catalina.security.SecurityListener.UMASK=0027
16-Mar-2020 20:25:34.161 INFO [main] org.apache.catalina.startup.VersionLoggerListener.log Command line argument: -Dignore.endorsed.dirs=
16-Mar-2020 20:25:34.161 INFO [main] org.apache.catalina.startup.VersionLoggerListener.log Command line argument: -Dcatalina.base=/opt/apache-tomcat-9.0.31
16-Mar-2020 20:25:34.161 INFO [main] org.apache.catalina.startup.VersionLoggerListener.log Command line argument: -Dcatalina.home=/opt/apache-tomcat-9.0.31
16-Mar-2020 20:25:34.161 INFO [main] org.apache.catalina.startup.VersionLoggerListener.log Command line argument: -Djava.io.tmpdir=/opt/apache-tomcat-9.0.31/temp
16-Mar-2020 20:25:34.161 INFO [main] org.apache.catalina.core.AprLifecycleListener.lifecycleEvent The APR based Apache Tomcat Native library which allows optimal performance in production environments was not found on the java.library.path: [/usr/java/packages/lib/amd64:/usr/lib64:/lib64:/lib:/usr/lib]
16-Mar-2020 20:25:34.877 INFO [main] org.apache.coyote.AbstractProtocol.init Initializing ProtocolHandler ["http-nio-8090"]
16-Mar-2020 20:25:34.950 INFO [main] org.apache.catalina.startup.Catalina.load Server initialization in [1,420] milliseconds
16-Mar-2020 20:25:35.017 INFO [main] org.apache.catalina.core.StandardService.startInternal Starting service [Catalina]
16-Mar-2020 20:25:35.017 INFO [main] org.apache.catalina.core.StandardEngine.startInternal Starting Servlet engine: [Apache Tomcat/9.0.31]
16-Mar-2020 20:25:35.048 INFO [main] org.apache.catalina.startup.HostConfig.deployDirectory Deploying web application directory [/opt/apache-tomcat-9.0.31/webapps/ROOT]
16-Mar-2020 20:25:35.628 INFO [main] org.apache.catalina.startup.HostConfig.deployDirectory Deployment of web application directory [/opt/apache-tomcat-9.0.31/webapps/ROOT] has finished in [580] ms
16-Mar-2020 20:25:35.630 INFO [main] org.apache.catalina.startup.HostConfig.deployDirectory Deploying web application directory [/opt/apache-tomcat-9.0.31/webapps/docs]
16-Mar-2020 20:25:35.671 INFO [main] org.apache.catalina.startup.HostConfig.deployDirectory Deployment of web application directory [/opt/apache-tomcat-9.0.31/webapps/docs] has finished in [40] ms
16-Mar-2020 20:25:35.673 INFO [main] org.apache.catalina.startup.HostConfig.deployDirectory Deploying web application directory [/opt/apache-tomcat-9.0.31/webapps/examples]
16-Mar-2020 20:25:36.206 INFO [main] org.apache.catalina.startup.HostConfig.deployDirectory Deployment of web application directory [/opt/apache-tomcat-9.0.31/webapps/examples] has finished in [533] ms
16-Mar-2020 20:25:36.207 INFO [main] org.apache.catalina.startup.HostConfig.deployDirectory Deploying web application directory [/opt/apache-tomcat-9.0.31/webapps/host-manager]
16-Mar-2020 20:25:36.270 INFO [main] org.apache.catalina.startup.HostConfig.deployDirectory Deployment of web application directory [/opt/apache-tomcat-9.0.31/webapps/host-manager] has finished in [63] ms
16-Mar-2020 20:25:36.271 INFO [main] org.apache.catalina.startup.HostConfig.deployDirectory Deploying web application directory [/opt/apache-tomcat-9.0.31/webapps/manager]
16-Mar-2020 20:25:36.319 INFO [main] org.apache.catalina.startup.HostConfig.deployDirectory Deployment of web application directory [/opt/apache-tomcat-9.0.31/webapps/manager] has finished in [48] ms
16-Mar-2020 20:25:36.326 INFO [main] org.apache.coyote.AbstractProtocol.start Starting ProtocolHandler ["http-nio-8090"]
16-Mar-2020 20:25:36.357 INFO [main] org.apache.catalina.startup.Catalina.start Server startup in [1,406] milliseconds
16-Mar-2020 20:37:46.533 INFO [Catalina-utility-2] org.apache.catalina.startup.HostConfig.undeploy Undeploying context [/manager]
16-Mar-2020 20:37:46.568 INFO [Catalina-utility-2] org.apache.catalina.startup.HostConfig.deployDirectory Deploying web application directory [/opt/apache-tomcat-9.0.31/webapps/manager]
16-Mar-2020 20:37:46.624 INFO [Catalina-utility-2] org.apache.catalina.startup.HostConfig.deployDirectory Deployment of web application directory [/opt/apache-tomcat-9.0.31/webapps/manager] has finished in [56] ms
16-Mar-2020 20:42:36.666 INFO [Catalina-utility-2] org.apache.catalina.users.MemoryUserDatabase.backgroundProcess Reloading memory user database [UserDatabase] from updated source [file:/opt/apache-tomcat-9.0.31/conf/tomcat-users.xml]
16-Mar-2020 20:45:09.470 INFO [main] org.apache.catalina.core.StandardServer.await A valid shutdown command was received via the shutdown port. Stopping the Server instance.
16-Mar-2020 20:45:09.472 INFO [main] org.apache.coyote.AbstractProtocol.pause Pausing ProtocolHandler ["http-nio-8090"]
16-Mar-2020 20:45:09.476 INFO [main] org.apache.catalina.core.StandardService.stopInternal Stopping service [Catalina]
16-Mar-2020 20:45:09.549 INFO [main] org.apache.coyote.AbstractProtocol.stop Stopping ProtocolHandler ["http-nio-8090"]
16-Mar-2020 20:45:09.555 INFO [main] org.apache.coyote.AbstractProtocol.destroy Destroying ProtocolHandler ["http-nio-8090"]
